<?xml version="1.0" encoding="UTF-8"?>
<!-- Generated by org.testng.reporters.JUnitReportReporter -->
<testsuite hostname="DESKTOP-E0AFIRO" failures="0" tests="1" name="com.BankingProject.TestClass.LoginTest" time="47.943" errors="0" timestamp="2022-10-11T18:04:44 IST" skipped="0">
  <testcase classname="com.BankingProject.TestClass.LoginTest" name="LoginTest1" time="47.943"/>
  <system-out/>
</testsuite> <!-- com.BankingProject.TestClass.LoginTest -->
